# JRE version: Java(TM) SE Runtime Environment (17.0.12+8) (build 17.0.12+8-LTS-286)
# Java VM: Java HotSpot(TM) 64-Bit Server VM (17.0.12+8-LTS-286, mixed mode, sharing, tiered, compressed oops, compressed class ptrs, g1 gc, windows-amd64)
GC Precious Log:
 CPUs: 4 total, 4 available
 Memory: 3764M
 Large Page Support: Disabled
 NUMA Support: Disabled
 Compressed Oops: Enabled (32-bit)
 Heap Region Size: 1M
 Heap Min Capacity: 8M
 Heap Initial Capacity: 60M
 Heap Max Capacity: 512M
 Pre-touch: Disabled
 Parallel Workers: 4
 Concurrent Workers: 1
 Concurrent Refinement Workers: 4
 Periodic GC: Disabled
Heap:
 garbage-first heap   total 55296K, used 37691K [0x00000000e0000000, 0x0000000100000000)
  region size 1024K, 20 young (20480K), 1 survivors (1024K)
 Metaspace       used 39049K, committed 39552K, reserved 1114112K
  class space    used 5265K, committed 5504K, reserved 1048576K
GC Heap History (20 events):
Event: 7.451 GC heap before
{Heap before GC invocations=0 (full 0):
 garbage-first heap   total 61440K, used 13312K [0x00000000e0000000, 0x0000000100000000)
  region size 1024K, 13 young (13312K), 0 survivors (0K)
 Metaspace       used 3333K, committed 3520K, reserved 1114112K
  class space    used 403K, committed 512K, reserved 1048576K
}
Event: 7.479 GC heap after
{Heap after GC invocations=1 (full 0):
 garbage-first heap   total 61440K, used 7645K [0x00000000e0000000, 0x0000000100000000)
  region size 1024K, 2 young (2048K), 2 survivors (2048K)
 Metaspace       used 3333K, committed 3520K, reserved 1114112K
  class space    used 403K, committed 512K, reserved 1048576K
}
Event: 10.336 GC heap before
{Heap before GC invocations=1 (full 0):
 garbage-first heap   total 61440K, used 16861K [0x00000000e0000000, 0x0000000100000000)
  region size 1024K, 11 young (11264K), 2 survivors (2048K)
 Metaspace       used 5941K, committed 6208K, reserved 1114112K
  class space    used 753K, committed 896K, reserved 1048576K
}
Event: 10.345 GC heap after
{Heap after GC invocations=2 (full 0):
 garbage-first heap   total 61440K, used 9150K [0x00000000e0000000, 0x0000000100000000)
  region size 1024K, 2 young (2048K), 2 survivors (2048K)
 Metaspace       used 5941K, committed 6208K, reserved 1114112K
  class space    used 753K, committed 896K, reserved 1048576K
}
Event: 15.088 GC heap before
{Heap before GC invocations=2 (full 0):
 garbage-first heap   total 61440K, used 25534K [0x00000000e0000000, 0x0000000100000000)
  region size 1024K, 18 young (18432K), 2 survivors (2048K)
 Metaspace       used 9584K, committed 9856K, reserved 1114112K
  class space    used 1285K, committed 1408K, reserved 1048576K
}
Event: 15.096 GC heap after
{Heap after GC invocations=3 (full 0):
 garbage-first heap   total 61440K, used 10518K [0x00000000e0000000, 0x0000000100000000)
  region size 1024K, 2 young (2048K), 2 survivors (2048K)
 Metaspace       used 9584K, committed 9856K, reserved 1114112K
  class space    used 1285K, committed 1408K, reserved 1048576K
}
Event: 18.979 GC heap before
{Heap before GC invocations=3 (full 0):
 garbage-first heap   total 61440K, used 35094K [0x00000000e0000000, 0x0000000100000000)
  region size 1024K, 27 young (27648K), 2 survivors (2048K)
 Metaspace       used 14689K, committed 14976K, reserved 1114112K
  class space    used 1990K, committed 2112K, reserved 1048576K
}
Event: 18.988 GC heap after
{Heap after GC invocations=4 (full 0):
 garbage-first heap   total 61440K, used 12084K [0x00000000e0000000, 0x0000000100000000)
  region size 1024K, 3 young (3072K), 3 survivors (3072K)
 Metaspace       used 14689K, committed 14976K, reserved 1114112K
  class space    used 1990K, committed 2112K, reserved 1048576K
}
Event: 22.068 GC heap before
{Heap before GC invocations=4 (full 0):
 garbage-first heap   total 61440K, used 38708K [0x00000000e0000000, 0x0000000100000000)
  region size 1024K, 30 young (30720K), 3 survivors (3072K)
 Metaspace       used 19636K, committed 19968K, reserved 1114112K
  class space    used 2749K, committed 2880K, reserved 1048576K
}
Event: 22.083 GC heap after
{Heap after GC invocations=5 (full 0):
 garbage-first heap   total 61440K, used 13551K [0x00000000e0000000, 0x0000000100000000)
  region size 1024K, 4 young (4096K), 4 survivors (4096K)
 Metaspace       used 19636K, committed 19968K, reserved 1114112K
  class space    used 2749K, committed 2880K, reserved 1048576K
}
Event: 23.029 GC heap before
{Heap before GC invocations=5 (full 0):
 garbage-first heap   total 61440K, used 24815K [0x00000000e0000000, 0x0000000100000000)
  region size 1024K, 16 young (16384K), 4 survivors (4096K)
 Metaspace       used 21222K, committed 21504K, reserved 1114112K
  class space    used 2964K, committed 3072K, reserved 1048576K
}
Event: 23.042 GC heap after
{Heap after GC invocations=6 (full 0):
 garbage-first heap   total 61440K, used 14572K [0x00000000e0000000, 0x0000000100000000)
  region size 1024K, 3 young (3072K), 3 survivors (3072K)
 Metaspace       used 21222K, committed 21504K, reserved 1114112K
  class space    used 2964K, committed 3072K, reserved 1048576K
}
Event: 25.746 GC heap before
{Heap before GC invocations=7 (full 0):
 garbage-first heap   total 55296K, used 43244K [0x00000000e0000000, 0x0000000100000000)
  region size 1024K, 32 young (32768K), 3 survivors (3072K)
 Metaspace       used 26051K, committed 26432K, reserved 1114112K
  class space    used 3509K, committed 3712K, reserved 1048576K
}
Event: 25.759 GC heap after
{Heap after GC invocations=8 (full 0):
 garbage-first heap   total 55296K, used 16088K [0x00000000e0000000, 0x0000000100000000)
  region size 1024K, 3 young (3072K), 3 survivors (3072K)
 Metaspace       used 26051K, committed 26432K, reserved 1114112K
  class space    used 3509K, committed 3712K, reserved 1048576K
}
Event: 28.444 GC heap before
{Heap before GC invocations=8 (full 0):
 garbage-first heap   total 55296K, used 38616K [0x00000000e0000000, 0x0000000100000000)
  region size 1024K, 26 young (26624K), 3 survivors (3072K)
 Metaspace       used 29033K, committed 29376K, reserved 1114112K
  class space    used 3911K, committed 4096K, reserved 1048576K
}
Event: 28.457 GC heap after
{Heap after GC invocations=9 (full 0):
 garbage-first heap   total 55296K, used 17161K [0x00000000e0000000, 0x0000000100000000)
  region size 1024K, 3 young (3072K), 3 survivors (3072K)
 Metaspace       used 29033K, committed 29376K, reserved 1114112K
  class space    used 3911K, committed 4096K, reserved 1048576K
}
Event: 31.734 GC heap before
{Heap before GC invocations=9 (full 0):
 garbage-first heap   total 55296K, used 40713K [0x00000000e0000000, 0x0000000100000000)
  region size 1024K, 26 young (26624K), 3 survivors (3072K)
 Metaspace       used 32307K, committed 32704K, reserved 1114112K
  class space    used 4409K, committed 4608K, reserved 1048576K
}
Event: 31.746 GC heap after
{Heap after GC invocations=10 (full 0):
 garbage-first heap   total 55296K, used 19422K [0x00000000e0000000, 0x0000000100000000)
  region size 1024K, 4 young (4096K), 4 survivors (4096K)
 Metaspace       used 32307K, committed 32704K, reserved 1114112K
  class space    used 4409K, committed 4608K, reserved 1048576K
}
Event: 34.756 GC heap before
{Heap before GC invocations=10 (full 0):
 garbage-first heap   total 55296K, used 37854K [0x00000000e0000000, 0x0000000100000000)
  region size 1024K, 23 young (23552K), 4 survivors (4096K)
 Metaspace       used 35837K, committed 36160K, reserved 1114112K
  class space    used 4835K, committed 4992K, reserved 1048576K
}
Event: 34.769 GC heap after
{Heap after GC invocations=11 (full 0):
 garbage-first heap   total 55296K, used 20283K [0x00000000e0000000, 0x0000000100000000)
  region size 1024K, 1 young (1024K), 1 survivors (1024K)
 Metaspace       used 35837K, committed 36160K, reserved 1114112K
  class space    used 4835K, committed 4992K, reserved 1048576K
}

