# JRE version: Java(TM) SE Runtime Environment (17.0.12+8) (build 17.0.12+8-LTS-286)
# Java VM: Java HotSpot(TM) 64-Bit Server VM (17.0.12+8-LTS-286, mixed mode, emulated-client, sharing, tiered, compressed oops, compressed class ptrs, g1 gc, windows-amd64)
GC Precious Log:
 CPUs: 4 total, 4 available
 Memory: 3764M
 Large Page Support: Disabled
 NUMA Support: Disabled
 Compressed Oops: Enabled (32-bit)
 Heap Region Size: 1M
 Heap Min Capacity: 8M
 Heap Initial Capacity: 60M
 Heap Max Capacity: 942M
 Pre-touch: Disabled
 Parallel Workers: 4
 Concurrent Workers: 1
 Concurrent Refinement Workers: 4
 Periodic GC: Disabled
Heap:
 garbage-first heap   total 51200K, used 23870K [0x00000000c5200000, 0x0000000100000000)
  region size 1024K, 6 young (6144K), 1 survivors (1024K)
 Metaspace       used 36374K, committed 36736K, reserved 1114112K
  class space    used 5202K, committed 5376K, reserved 1048576K
GC Heap History (20 events):
Event: 21.941 GC heap before
{Heap before GC invocations=2 (full 0):
 garbage-first heap   total 61440K, used 26875K [0x00000000c5200000, 0x0000000100000000)
  region size 1024K, 20 young (20480K), 1 survivors (1024K)
 Metaspace       used 11026K, committed 11264K, reserved 1114112K
  class space    used 1548K, committed 1664K, reserved 1048576K
}
Event: 21.950 GC heap after
{Heap after GC invocations=3 (full 0):
 garbage-first heap   total 61440K, used 8793K [0x00000000c5200000, 0x0000000100000000)
  region size 1024K, 3 young (3072K), 3 survivors (3072K)
 Metaspace       used 11026K, committed 11264K, reserved 1114112K
  class space    used 1548K, committed 1664K, reserved 1048576K
}
Event: 24.955 GC heap before
{Heap before GC invocations=3 (full 0):
 garbage-first heap   total 61440K, used 36441K [0x00000000c5200000, 0x0000000100000000)
  region size 1024K, 31 young (31744K), 3 survivors (3072K)
 Metaspace       used 16556K, committed 16832K, reserved 1114112K
  class space    used 2342K, committed 2432K, reserved 1048576K
}
Event: 24.976 GC heap after
{Heap after GC invocations=4 (full 0):
 garbage-first heap   total 61440K, used 10715K [0x00000000c5200000, 0x0000000100000000)
  region size 1024K, 4 young (4096K), 4 survivors (4096K)
 Metaspace       used 16556K, committed 16832K, reserved 1114112K
  class space    used 2342K, committed 2432K, reserved 1048576K
}
Event: 27.840 GC heap before
{Heap before GC invocations=4 (full 0):
 garbage-first heap   total 61440K, used 40411K [0x00000000c5200000, 0x0000000100000000)
  region size 1024K, 34 young (34816K), 4 survivors (4096K)
 Metaspace       used 21278K, committed 21504K, reserved 1114112K
  class space    used 2923K, committed 3008K, reserved 1048576K
}
Event: 27.855 GC heap after
{Heap after GC invocations=5 (full 0):
 garbage-first heap   total 61440K, used 13337K [0x00000000c5200000, 0x0000000100000000)
  region size 1024K, 5 young (5120K), 5 survivors (5120K)
 Metaspace       used 21278K, committed 21504K, reserved 1114112K
  class space    used 2923K, committed 3008K, reserved 1048576K
}
Event: 27.860 GC heap before
{Heap before GC invocations=5 (full 0):
 garbage-first heap   total 61440K, used 13337K [0x00000000c5200000, 0x0000000100000000)
  region size 1024K, 6 young (6144K), 5 survivors (5120K)
 Metaspace       used 21282K, committed 21504K, reserved 1114112K
  class space    used 2923K, committed 3008K, reserved 1048576K
}
Event: 27.875 GC heap after
{Heap after GC invocations=6 (full 0):
 garbage-first heap   total 61440K, used 13323K [0x00000000c5200000, 0x0000000100000000)
  region size 1024K, 3 young (3072K), 3 survivors (3072K)
 Metaspace       used 21282K, committed 21504K, reserved 1114112K
  class space    used 2923K, committed 3008K, reserved 1048576K
}
Event: 32.020 GC heap before
{Heap before GC invocations=7 (full 0):
 garbage-first heap   total 51200K, used 40971K [0x00000000c5200000, 0x0000000100000000)
  region size 1024K, 30 young (30720K), 3 survivors (3072K)
 Metaspace       used 24917K, committed 25216K, reserved 1114112K
  class space    used 3477K, committed 3648K, reserved 1048576K
}
Event: 32.044 GC heap after
{Heap after GC invocations=8 (full 0):
 garbage-first heap   total 51200K, used 15785K [0x00000000c5200000, 0x0000000100000000)
  region size 1024K, 3 young (3072K), 3 survivors (3072K)
 Metaspace       used 24917K, committed 25216K, reserved 1114112K
  class space    used 3477K, committed 3648K, reserved 1048576K
}
Event: 32.173 GC heap before
{Heap before GC invocations=8 (full 0):
 garbage-first heap   total 51200K, used 16809K [0x00000000c5200000, 0x0000000100000000)
  region size 1024K, 4 young (4096K), 3 survivors (3072K)
 Metaspace       used 25062K, committed 25408K, reserved 1114112K
  class space    used 3505K, committed 3648K, reserved 1048576K
}
Event: 32.186 GC heap after
{Heap after GC invocations=9 (full 0):
 garbage-first heap   total 51200K, used 16068K [0x00000000c5200000, 0x0000000100000000)
  region size 1024K, 1 young (1024K), 1 survivors (1024K)
 Metaspace       used 25062K, committed 25408K, reserved 1114112K
  class space    used 3505K, committed 3648K, reserved 1048576K
}
Event: 35.676 GC heap before
{Heap before GC invocations=9 (full 0):
 garbage-first heap   total 51200K, used 37572K [0x00000000c5200000, 0x0000000100000000)
  region size 1024K, 22 young (22528K), 1 survivors (1024K)
 Metaspace       used 28200K, committed 28608K, reserved 1114112K
  class space    used 3988K, committed 4224K, reserved 1048576K
}
Event: 35.696 GC heap after
{Heap after GC invocations=10 (full 0):
 garbage-first heap   total 51200K, used 17834K [0x00000000c5200000, 0x0000000100000000)
  region size 1024K, 3 young (3072K), 3 survivors (3072K)
 Metaspace       used 28200K, committed 28608K, reserved 1114112K
  class space    used 3988K, committed 4224K, reserved 1048576K
}
Event: 37.810 GC heap before
{Heap before GC invocations=10 (full 0):
 garbage-first heap   total 51200K, used 36266K [0x00000000c5200000, 0x0000000100000000)
  region size 1024K, 22 young (22528K), 3 survivors (3072K)
 Metaspace       used 30997K, committed 31488K, reserved 1114112K
  class space    used 4334K, committed 4544K, reserved 1048576K
}
Event: 37.821 GC heap after
{Heap after GC invocations=11 (full 0):
 garbage-first heap   total 51200K, used 19003K [0x00000000c5200000, 0x0000000100000000)
  region size 1024K, 2 young (2048K), 2 survivors (2048K)
 Metaspace       used 30997K, committed 31488K, reserved 1114112K
  class space    used 4334K, committed 4544K, reserved 1048576K
}
Event: 39.354 GC heap before
{Heap before GC invocations=11 (full 0):
 garbage-first heap   total 51200K, used 38459K [0x00000000c5200000, 0x0000000100000000)
  region size 1024K, 21 young (21504K), 2 survivors (2048K)
 Metaspace       used 34792K, committed 35328K, reserved 1114112K
  class space    used 4947K, committed 5184K, reserved 1048576K
}
Event: 39.362 GC heap after
{Heap after GC invocations=12 (full 0):
 garbage-first heap   total 51200K, used 19630K [0x00000000c5200000, 0x0000000100000000)
  region size 1024K, 2 young (2048K), 2 survivors (2048K)
 Metaspace       used 34792K, committed 35328K, reserved 1114112K
  class space    used 4947K, committed 5184K, reserved 1048576K
}
Event: 39.653 GC heap before
{Heap before GC invocations=12 (full 0):
 garbage-first heap   total 51200K, used 22702K [0x00000000c5200000, 0x0000000100000000)
  region size 1024K, 6 young (6144K), 2 survivors (2048K)
 Metaspace       used 35492K, committed 35968K, reserved 1114112K
  class space    used 5076K, committed 5312K, reserved 1048576K
}
Event: 39.663 GC heap after
{Heap after GC invocations=13 (full 0):
 garbage-first heap   total 51200K, used 19774K [0x00000000c5200000, 0x0000000100000000)
  region size 1024K, 1 young (1024K), 1 survivors (1024K)
 Metaspace       used 35492K, committed 35968K, reserved 1114112K
  class space    used 5076K, committed 5312K, reserved 1048576K
}

