# JRE version: Java(TM) SE Runtime Environment (17.0.12+8) (build 17.0.12+8-LTS-286)
# Java VM: Java HotSpot(TM) 64-Bit Server VM (17.0.12+8-LTS-286, mixed mode, sharing, tiered, compressed oops, compressed class ptrs, g1 gc, windows-amd64)
GC Precious Log:
 CPUs: 4 total, 4 available
 Memory: 3764M
 Large Page Support: Disabled
 NUMA Support: Disabled
 Compressed Oops: Enabled (32-bit)
 Heap Region Size: 1M
 Heap Min Capacity: 256M
 Heap Initial Capacity: 256M
 Heap Max Capacity: 512M
 Pre-touch: Disabled
 Parallel Workers: 4
 Concurrent Workers: 1
 Concurrent Refinement Workers: 4
 Periodic GC: Disabled
Heap:
 garbage-first heap   total 262144K, used 211006K [0x00000000e0000000, 0x0000000100000000)
  region size 1024K, 7 young (7168K), 3 survivors (3072K)
 Metaspace       used 161735K, committed 163392K, reserved 524288K
  class space    used 20124K, committed 20800K, reserved 327680K
GC Heap History (20 events):
Event: 4264.526 GC heap before
{Heap before GC invocations=136 (full 0):
 garbage-first heap   total 262144K, used 228029K [0x00000000e0000000, 0x0000000100000000)
  region size 1024K, 29 young (29696K), 3 survivors (3072K)
 Metaspace       used 161094K, committed 162176K, reserved 524288K
  class space    used 20124K, committed 20672K, reserved 327680K
}
Event: 4264.722 GC heap after
{Heap after GC invocations=137 (full 0):
 garbage-first heap   total 262144K, used 203541K [0x00000000e0000000, 0x0000000100000000)
  region size 1024K, 4 young (4096K), 4 survivors (4096K)
 Metaspace       used 161094K, committed 162176K, reserved 524288K
  class space    used 20124K, committed 20672K, reserved 327680K
}
Event: 4273.165 GC heap before
{Heap before GC invocations=137 (full 0):
 garbage-first heap   total 262144K, used 228117K [0x00000000e0000000, 0x0000000100000000)
  region size 1024K, 29 young (29696K), 4 survivors (4096K)
 Metaspace       used 161288K, committed 162432K, reserved 524288K
  class space    used 20142K, committed 20736K, reserved 327680K
}
Event: 4273.233 GC heap after
{Heap after GC invocations=138 (full 0):
 garbage-first heap   total 262144K, used 205059K [0x00000000e0000000, 0x0000000100000000)
  region size 1024K, 3 young (3072K), 3 survivors (3072K)
 Metaspace       used 161288K, committed 162432K, reserved 524288K
  class space    used 20142K, committed 20736K, reserved 327680K
}
Event: 4277.982 GC heap before
{Heap before GC invocations=138 (full 0):
 garbage-first heap   total 262144K, used 228611K [0x00000000e0000000, 0x0000000100000000)
  region size 1024K, 27 young (27648K), 3 survivors (3072K)
 Metaspace       used 161572K, committed 162752K, reserved 524288K
  class space    used 20164K, committed 20736K, reserved 327680K
}
Event: 4278.047 GC heap after
{Heap after GC invocations=139 (full 0):
 garbage-first heap   total 262144K, used 206546K [0x00000000e0000000, 0x0000000100000000)
  region size 1024K, 3 young (3072K), 3 survivors (3072K)
 Metaspace       used 161572K, committed 162752K, reserved 524288K
  class space    used 20164K, committed 20736K, reserved 327680K
}
Event: 4278.436 GC heap before
{Heap before GC invocations=139 (full 0):
 garbage-first heap   total 262144K, used 230098K [0x00000000e0000000, 0x0000000100000000)
  region size 1024K, 26 young (26624K), 3 survivors (3072K)
 Metaspace       used 161581K, committed 162752K, reserved 524288K
  class space    used 20164K, committed 20736K, reserved 327680K
}
Event: 4278.472 GC heap after
{Heap after GC invocations=140 (full 0):
 garbage-first heap   total 262144K, used 207026K [0x00000000e0000000, 0x0000000100000000)
  region size 1024K, 2 young (2048K), 2 survivors (2048K)
 Metaspace       used 161581K, committed 162752K, reserved 524288K
  class space    used 20164K, committed 20736K, reserved 327680K
}
Event: 4280.658 GC heap before
{Heap before GC invocations=140 (full 0):
 garbage-first heap   total 262144K, used 230578K [0x00000000e0000000, 0x0000000100000000)
  region size 1024K, 25 young (25600K), 2 survivors (2048K)
 Metaspace       used 161756K, committed 162880K, reserved 524288K
  class space    used 20182K, committed 20736K, reserved 327680K
}
Event: 4280.676 GC heap after
{Heap after GC invocations=141 (full 0):
 garbage-first heap   total 262144K, used 209074K [0x00000000e0000000, 0x0000000100000000)
  region size 1024K, 4 young (4096K), 4 survivors (4096K)
 Metaspace       used 161756K, committed 162880K, reserved 524288K
  class space    used 20182K, committed 20736K, reserved 327680K
}
Event: 4280.890 GC heap before
{Heap before GC invocations=141 (full 0):
 garbage-first heap   total 262144K, used 229554K [0x00000000e0000000, 0x0000000100000000)
  region size 1024K, 24 young (24576K), 4 survivors (4096K)
 Metaspace       used 161756K, committed 162880K, reserved 524288K
  class space    used 20182K, committed 20736K, reserved 327680K
}
Event: 4280.960 GC heap after
{Heap after GC invocations=142 (full 0):
 garbage-first heap   total 262144K, used 209961K [0x00000000e0000000, 0x0000000100000000)
  region size 1024K, 2 young (2048K), 2 survivors (2048K)
 Metaspace       used 161756K, committed 162880K, reserved 524288K
  class space    used 20182K, committed 20736K, reserved 327680K
}
Event: 4281.525 GC heap before
{Heap before GC invocations=142 (full 0):
 garbage-first heap   total 262144K, used 230441K [0x00000000e0000000, 0x0000000100000000)
  region size 1024K, 22 young (22528K), 2 survivors (2048K)
 Metaspace       used 161785K, committed 162944K, reserved 524288K
  class space    used 20185K, committed 20736K, reserved 327680K
}
Event: 4281.535 GC heap after
{Heap after GC invocations=143 (full 0):
 garbage-first heap   total 262144K, used 210669K [0x00000000e0000000, 0x0000000100000000)
  region size 1024K, 2 young (2048K), 2 survivors (2048K)
 Metaspace       used 161785K, committed 162944K, reserved 524288K
  class space    used 20185K, committed 20736K, reserved 327680K
}
Event: 4283.590 GC heap before
{Heap before GC invocations=143 (full 0):
 garbage-first heap   total 262144K, used 230125K [0x00000000e0000000, 0x0000000100000000)
  region size 1024K, 22 young (22528K), 2 survivors (2048K)
 Metaspace       used 161984K, committed 163136K, reserved 524288K
  class space    used 20206K, committed 20800K, reserved 327680K
}
Event: 4283.688 GC heap after
{Heap after GC invocations=144 (full 0):
 garbage-first heap   total 262144K, used 212384K [0x00000000e0000000, 0x0000000100000000)
  region size 1024K, 3 young (3072K), 3 survivors (3072K)
 Metaspace       used 161984K, committed 163136K, reserved 524288K
  class space    used 20206K, committed 20800K, reserved 327680K
}
Event: 4284.247 GC heap before
{Heap before GC invocations=144 (full 0):
 garbage-first heap   total 262144K, used 230816K [0x00000000e0000000, 0x0000000100000000)
  region size 1024K, 21 young (21504K), 3 survivors (3072K)
 Metaspace       used 161985K, committed 163136K, reserved 524288K
  class space    used 20206K, committed 20800K, reserved 327680K
}
Event: 4284.295 GC heap after
{Heap after GC invocations=145 (full 0):
 garbage-first heap   total 262144K, used 212900K [0x00000000e0000000, 0x0000000100000000)
  region size 1024K, 2 young (2048K), 2 survivors (2048K)
 Metaspace       used 161985K, committed 163136K, reserved 524288K
  class space    used 20206K, committed 20800K, reserved 327680K
}
Event: 4287.565 GC heap before
{Heap before GC invocations=145 (full 0):
 garbage-first heap   total 262144K, used 229284K [0x00000000e0000000, 0x0000000100000000)
  region size 1024K, 19 young (19456K), 2 survivors (2048K)
 Metaspace       used 162115K, committed 163264K, reserved 524288K
  class space    used 20219K, committed 20800K, reserved 327680K
}
Event: 4287.612 GC heap after
{Heap after GC invocations=146 (full 0):
 garbage-first heap   total 262144K, used 214078K [0x00000000e0000000, 0x0000000100000000)
  region size 1024K, 3 young (3072K), 3 survivors (3072K)
 Metaspace       used 162115K, committed 163264K, reserved 524288K
  class space    used 20219K, committed 20800K, reserved 327680K
}

